09:06:35.916 [main] DEBUG org.apache.poi.ooxml.POIXMLFactory - using default POIXMLDocumentPart for http://schemas.openxmlformats.org/officeDocument/2006/relationships/printerSettings
09:06:35.925 [main] DEBUG org.apache.poi.openxml4j.opc.PackageRelationshipCollection - Parsing relationship: /xl/_rels/workbook.xml.rels
09:06:35.926 [main] DEBUG org.apache.poi.openxml4j.opc.PackageRelationshipCollection - Parsing relationship: /xl/worksheets/_rels/sheet1.xml.rels
09:06:35.926 [main] DEBUG org.apache.poi.openxml4j.opc.PackageRelationshipCollection - Parsing relationship: /_rels/.rels
09:06:35.930 [main] DEBUG org.apache.poi.ooxml.POIXMLFactory - using default POIXMLDocumentPart for http://schemas.openxmlformats.org/officeDocument/2006/relationships/printerSettings
09:06:35.937 [main] DEBUG org.apache.poi.openxml4j.opc.PackageRelationshipCollection - Parsing relationship: /xl/_rels/workbook.xml.rels
09:06:35.938 [main] DEBUG org.apache.poi.openxml4j.opc.PackageRelationshipCollection - Parsing relationship: /xl/worksheets/_rels/sheet1.xml.rels
09:06:35.938 [main] DEBUG org.apache.poi.openxml4j.opc.PackageRelationshipCollection - Parsing relationship: /_rels/.rels
09:06:35.943 [main] DEBUG org.apache.poi.ooxml.POIXMLFactory - using default POIXMLDocumentPart for http://schemas.openxmlformats.org/officeDocument/2006/relationships/printerSettings
09:06:35.951 [main] DEBUG org.apache.poi.openxml4j.opc.PackageRelationshipCollection - Parsing relationship: /xl/_rels/workbook.xml.rels
09:06:35.951 [main] DEBUG org.apache.poi.openxml4j.opc.PackageRelationshipCollection - Parsing relationship: /xl/worksheets/_rels/sheet1.xml.rels
09:06:35.951 [main] DEBUG org.apache.poi.openxml4j.opc.PackageRelationshipCollection - Parsing relationship: /_rels/.rels
09:06:35.962 [main] DEBUG org.apache.poi.ooxml.POIXMLFactory - using default POIXMLDocumentPart for http://schemas.openxmlformats.org/officeDocument/2006/relationships/printerSettings
09:06:35.974 [main] DEBUG org.apache.poi.openxml4j.opc.PackageRelationshipCollection - Parsing relationship: /xl/_rels/workbook.xml.rels
09:06:35.974 [main] DEBUG org.apache.poi.openxml4j.opc.PackageRelationshipCollection - Parsing relationship: /xl/worksheets/_rels/sheet1.xml.rels
09:06:35.975 [main] DEBUG org.apache.poi.openxml4j.opc.PackageRelationshipCollection - Parsing relationship: /_rels/.rels
09:06:35.979 [main] DEBUG org.apache.poi.ooxml.POIXMLFactory - using default POIXMLDocumentPart for http://schemas.openxmlformats.org/officeDocument/2006/relationships/printerSettings
10:56:58.693 [main] INFO  testcases.TC_001_Verifyaccountregistration - TC_001_Verifyaccountregistration started
10:56:58.696 [main] DEBUG testcases.TC_001_Verifyaccountregistration - Debug logs started
10:56:59.003 [main] INFO  testcases.TC_001_Verifyaccountregistration - Clicked My account option
10:56:59.646 [main] INFO  testcases.TC_001_Verifyaccountregistration - Clicked register option
10:56:59.646 [main] INFO  testcases.TC_001_Verifyaccountregistration - Entering user details for registering user
10:57:00.434 [main] INFO  testcases.TC_001_Verifyaccountregistration - clicked on yes
10:57:00.510 [main] INFO  testcases.TC_001_Verifyaccountregistration - clicked on agree
10:57:08.345 [main] INFO  testcases.TC_001_Verifyaccountregistration - clicked on continue button
10:57:08.420 [main] INFO  testcases.TC_001_Verifyaccountregistration - Logs recording ended
10:57:08.420 [main] INFO  testcases.TC_001_Verifyaccountregistration - TC_001_Verifyaccountregistration completed
10:57:10.642 [main] INFO  testcases.TC_002_Verifylogin - TC_002_Verifylogin is started
10:57:10.642 [main] DEBUG testcases.TC_002_Verifylogin - debug logs started
10:57:11.521 [main] INFO  testcases.TC_002_Verifylogin - Entered email
10:57:11.608 [main] INFO  testcases.TC_002_Verifylogin - password entered
10:57:12.306 [main] INFO  testcases.TC_002_Verifylogin - Clicked login
10:57:12.380 [main] INFO  testcases.TC_002_Verifylogin - Login passed
11:25:58.201 [main] INFO  testcases.TC_001_Verifyaccountregistration - TC_001_Verifyaccountregistration started
11:25:58.208 [main] DEBUG testcases.TC_001_Verifyaccountregistration - Debug logs started
11:25:58.506 [main] INFO  testcases.TC_001_Verifyaccountregistration - Clicked My account option
11:25:59.154 [main] INFO  testcases.TC_001_Verifyaccountregistration - Clicked register option
11:25:59.154 [main] INFO  testcases.TC_001_Verifyaccountregistration - Entering user details for registering user
11:25:59.760 [main] INFO  testcases.TC_001_Verifyaccountregistration - clicked on yes
11:25:59.812 [main] INFO  testcases.TC_001_Verifyaccountregistration - clicked on agree
11:26:07.586 [main] INFO  testcases.TC_001_Verifyaccountregistration - clicked on continue button
11:26:07.630 [main] INFO  testcases.TC_001_Verifyaccountregistration - Logs recording ended
11:26:07.630 [main] INFO  testcases.TC_001_Verifyaccountregistration - TC_001_Verifyaccountregistration completed
